<?xml version="1.0" encoding="UTF-8"?>
<testsuite xmlns:xsi="http://www.w3.org/2001/XMLSchema-instance" xsi:noNamespaceSchemaLocation="https://maven.apache.org/surefire/maven-surefire-plugin/xsd/surefire-test-report-3.0.xsd" version="3.0" name="com.example.graphqlclient.GraphqlclientApplicationTests" time="0.274" tests="1" errors="1" skipped="0" failures="0">
  <properties>
    <property name="java.specification.version" value="17"/>
    <property name="sun.cpu.isalist" value="amd64"/>
    <property name="sun.jnu.encoding" value="Cp1252"/>
    <property name="java.class.path" value="C:\Users\207423.TRV_IBS_INDIA\Downloads\graphqlclient\graphqlclient\target\test-classes;C:\Users\207423.TRV_IBS_INDIA\Downloads\graphqlclient\graphqlclient\target\classes;C:\Users\207423.TRV_IBS_INDIA\.m2\repository\org\springframework\boot\spring-boot-starter\3.2.2\spring-boot-starter-3.2.2.jar;C:\Users\207423.TRV_IBS_INDIA\.m2\repository\org\springframework\boot\spring-boot\3.2.2\spring-boot-3.2.2.jar;C:\Users\207423.TRV_IBS_INDIA\.m2\repository\org\springframework\spring-context\6.1.3\spring-context-6.1.3.jar;C:\Users\207423.TRV_IBS_INDIA\.m2\repository\org\springframework\spring-aop\6.1.3\spring-aop-6.1.3.jar;C:\Users\207423.TRV_IBS_INDIA\.m2\repository\org\springframework\spring-expression\6.1.3\spring-expression-6.1.3.jar;C:\Users\207423.TRV_IBS_INDIA\.m2\repository\io\micrometer\micrometer-observation\1.12.2\micrometer-observation-1.12.2.jar;C:\Users\207423.TRV_IBS_INDIA\.m2\repository\io\micrometer\micrometer-commons\1.12.2\micrometer-commons-1.12.2.jar;C:\Users\207423.TRV_IBS_INDIA\.m2\repository\org\springframework\boot\spring-boot-autoconfigure\3.2.2\spring-boot-autoconfigure-3.2.2.jar;C:\Users\207423.TRV_IBS_INDIA\.m2\repository\org\springframework\boot\spring-boot-starter-logging\3.2.2\spring-boot-starter-logging-3.2.2.jar;C:\Users\207423.TRV_IBS_INDIA\.m2\repository\ch\qos\logback\logback-classic\1.4.14\logback-classic-1.4.14.jar;C:\Users\207423.TRV_IBS_INDIA\.m2\repository\ch\qos\logback\logback-core\1.4.14\logback-core-1.4.14.jar;C:\Users\207423.TRV_IBS_INDIA\.m2\repository\org\apache\logging\log4j\log4j-to-slf4j\2.21.1\log4j-to-slf4j-2.21.1.jar;C:\Users\207423.TRV_IBS_INDIA\.m2\repository\org\apache\logging\log4j\log4j-api\2.21.1\log4j-api-2.21.1.jar;C:\Users\207423.TRV_IBS_INDIA\.m2\repository\org\slf4j\jul-to-slf4j\2.0.11\jul-to-slf4j-2.0.11.jar;C:\Users\207423.TRV_IBS_INDIA\.m2\repository\jakarta\annotation\jakarta.annotation-api\2.1.1\jakarta.annotation-api-2.1.1.jar;C:\Users\207423.TRV_IBS_INDIA\.m2\repository\org\springframework\spring-core\6.1.3\spring-core-6.1.3.jar;C:\Users\207423.TRV_IBS_INDIA\.m2\repository\org\springframework\spring-jcl\6.1.3\spring-jcl-6.1.3.jar;C:\Users\207423.TRV_IBS_INDIA\.m2\repository\org\yaml\snakeyaml\2.2\snakeyaml-2.2.jar;C:\Users\207423.TRV_IBS_INDIA\.m2\repository\org\jetbrains\kotlin\kotlin-reflect\1.9.22\kotlin-reflect-1.9.22.jar;C:\Users\207423.TRV_IBS_INDIA\.m2\repository\org\jetbrains\kotlin\kotlin-stdlib\1.9.22\kotlin-stdlib-1.9.22.jar;C:\Users\207423.TRV_IBS_INDIA\.m2\repository\org\jetbrains\annotations\13.0\annotations-13.0.jar;C:\Users\207423.TRV_IBS_INDIA\.m2\repository\org\springframework\boot\spring-boot-starter-test\3.2.2\spring-boot-starter-test-3.2.2.jar;C:\Users\207423.TRV_IBS_INDIA\.m2\repository\org\springframework\boot\spring-boot-test\3.2.2\spring-boot-test-3.2.2.jar;C:\Users\207423.TRV_IBS_INDIA\.m2\repository\org\springframework\boot\spring-boot-test-autoconfigure\3.2.2\spring-boot-test-autoconfigure-3.2.2.jar;C:\Users\207423.TRV_IBS_INDIA\.m2\repository\com\jayway\jsonpath\json-path\2.8.0\json-path-2.8.0.jar;C:\Users\207423.TRV_IBS_INDIA\.m2\repository\org\slf4j\slf4j-api\2.0.11\slf4j-api-2.0.11.jar;C:\Users\207423.TRV_IBS_INDIA\.m2\repository\jakarta\xml\bind\jakarta.xml.bind-api\4.0.1\jakarta.xml.bind-api-4.0.1.jar;C:\Users\207423.TRV_IBS_INDIA\.m2\repository\jakarta\activation\jakarta.activation-api\2.1.2\jakarta.activation-api-2.1.2.jar;C:\Users\207423.TRV_IBS_INDIA\.m2\repository\net\minidev\json-smart\2.5.0\json-smart-2.5.0.jar;C:\Users\207423.TRV_IBS_INDIA\.m2\repository\net\minidev\accessors-smart\2.5.0\accessors-smart-2.5.0.jar;C:\Users\207423.TRV_IBS_INDIA\.m2\repository\org\ow2\asm\asm\9.3\asm-9.3.jar;C:\Users\207423.TRV_IBS_INDIA\.m2\repository\org\assertj\assertj-core\3.24.2\assertj-core-3.24.2.jar;C:\Users\207423.TRV_IBS_INDIA\.m2\repository\net\bytebuddy\byte-buddy\1.14.11\byte-buddy-1.14.11.jar;C:\Users\207423.TRV_IBS_INDIA\.m2\repository\org\awaitility\awaitility\4.2.0\awaitility-4.2.0.jar;C:\Users\207423.TRV_IBS_INDIA\.m2\repository\org\hamcrest\hamcrest\2.2\hamcrest-2.2.jar;C:\Users\207423.TRV_IBS_INDIA\.m2\repository\org\junit\jupiter\junit-jupiter\5.10.1\junit-jupiter-5.10.1.jar;C:\Users\207423.TRV_IBS_INDIA\.m2\repository\org\junit\jupiter\junit-jupiter-api\5.10.1\junit-jupiter-api-5.10.1.jar;C:\Users\207423.TRV_IBS_INDIA\.m2\repository\org\opentest4j\opentest4j\1.3.0\opentest4j-1.3.0.jar;C:\Users\207423.TRV_IBS_INDIA\.m2\repository\org\junit\platform\junit-platform-commons\1.10.1\junit-platform-commons-1.10.1.jar;C:\Users\207423.TRV_IBS_INDIA\.m2\repository\org\apiguardian\apiguardian-api\1.1.2\apiguardian-api-1.1.2.jar;C:\Users\207423.TRV_IBS_INDIA\.m2\repository\org\junit\jupiter\junit-jupiter-params\5.10.1\junit-jupiter-params-5.10.1.jar;C:\Users\207423.TRV_IBS_INDIA\.m2\repository\org\junit\jupiter\junit-jupiter-engine\5.10.1\junit-jupiter-engine-5.10.1.jar;C:\Users\207423.TRV_IBS_INDIA\.m2\repository\org\junit\platform\junit-platform-engine\1.10.1\junit-platform-engine-1.10.1.jar;C:\Users\207423.TRV_IBS_INDIA\.m2\repository\org\mockito\mockito-core\5.7.0\mockito-core-5.7.0.jar;C:\Users\207423.TRV_IBS_INDIA\.m2\repository\net\bytebuddy\byte-buddy-agent\1.14.11\byte-buddy-agent-1.14.11.jar;C:\Users\207423.TRV_IBS_INDIA\.m2\repository\org\objenesis\objenesis\3.3\objenesis-3.3.jar;C:\Users\207423.TRV_IBS_INDIA\.m2\repository\org\mockito\mockito-junit-jupiter\5.7.0\mockito-junit-jupiter-5.7.0.jar;C:\Users\207423.TRV_IBS_INDIA\.m2\repository\org\skyscreamer\jsonassert\1.5.1\jsonassert-1.5.1.jar;C:\Users\207423.TRV_IBS_INDIA\.m2\repository\com\vaadin\external\google\android-json\0.0.20131108.vaadin1\android-json-0.0.20131108.vaadin1.jar;C:\Users\207423.TRV_IBS_INDIA\.m2\repository\org\springframework\spring-test\6.1.3\spring-test-6.1.3.jar;C:\Users\207423.TRV_IBS_INDIA\.m2\repository\org\xmlunit\xmlunit-core\2.9.1\xmlunit-core-2.9.1.jar;C:\Users\207423.TRV_IBS_INDIA\.m2\repository\com\expediagroup\graphql-kotlin-spring-client\4.0.0-alpha.1\graphql-kotlin-spring-client-4.0.0-alpha.1.jar;C:\Users\207423.TRV_IBS_INDIA\.m2\repository\com\expediagroup\graphql-kotlin-client\4.0.0-alpha.1\graphql-kotlin-client-4.0.0-alpha.1.jar;C:\Users\207423.TRV_IBS_INDIA\.m2\repository\com\expediagroup\graphql-kotlin-types\4.0.0-alpha.1\graphql-kotlin-types-4.0.0-alpha.1.jar;C:\Users\207423.TRV_IBS_INDIA\.m2\repository\com\fasterxml\jackson\module\jackson-module-kotlin\2.15.3\jackson-module-kotlin-2.15.3.jar;C:\Users\207423.TRV_IBS_INDIA\.m2\repository\com\fasterxml\jackson\core\jackson-databind\2.15.3\jackson-databind-2.15.3.jar;C:\Users\207423.TRV_IBS_INDIA\.m2\repository\com\fasterxml\jackson\core\jackson-core\2.15.3\jackson-core-2.15.3.jar;C:\Users\207423.TRV_IBS_INDIA\.m2\repository\com\fasterxml\jackson\core\jackson-annotations\2.15.3\jackson-annotations-2.15.3.jar;C:\Users\207423.TRV_IBS_INDIA\.m2\repository\org\jetbrains\kotlinx\kotlinx-coroutines-core\1.7.3\kotlinx-coroutines-core-1.7.3.jar;C:\Users\207423.TRV_IBS_INDIA\.m2\repository\org\jetbrains\kotlinx\kotlinx-coroutines-reactor\1.7.3\kotlinx-coroutines-reactor-1.7.3.jar;C:\Users\207423.TRV_IBS_INDIA\.m2\repository\org\jetbrains\kotlinx\kotlinx-coroutines-core-jvm\1.7.3\kotlinx-coroutines-core-jvm-1.7.3.jar;C:\Users\207423.TRV_IBS_INDIA\.m2\repository\org\jetbrains\kotlin\kotlin-stdlib-common\1.9.22\kotlin-stdlib-common-1.9.22.jar;C:\Users\207423.TRV_IBS_INDIA\.m2\repository\io\projectreactor\reactor-core\3.6.2\reactor-core-3.6.2.jar;C:\Users\207423.TRV_IBS_INDIA\.m2\repository\org\reactivestreams\reactive-streams\1.0.4\reactive-streams-1.0.4.jar;C:\Users\207423.TRV_IBS_INDIA\.m2\repository\org\jetbrains\kotlinx\kotlinx-coroutines-reactive\1.7.3\kotlinx-coroutines-reactive-1.7.3.jar;C:\Users\207423.TRV_IBS_INDIA\.m2\repository\org\jetbrains\kotlin\kotlin-stdlib-jdk8\1.9.22\kotlin-stdlib-jdk8-1.9.22.jar;C:\Users\207423.TRV_IBS_INDIA\.m2\repository\org\jetbrains\kotlin\kotlin-stdlib-jdk7\1.9.22\kotlin-stdlib-jdk7-1.9.22.jar;C:\Users\207423.TRV_IBS_INDIA\.m2\repository\org\springframework\spring-webflux\6.1.3\spring-webflux-6.1.3.jar;C:\Users\207423.TRV_IBS_INDIA\.m2\repository\org\springframework\spring-beans\6.1.3\spring-beans-6.1.3.jar;C:\Users\207423.TRV_IBS_INDIA\.m2\repository\org\springframework\spring-web\6.1.3\spring-web-6.1.3.jar;C:\Users\207423.TRV_IBS_INDIA\.m2\repository\org\springframework\boot\spring-boot-starter-reactor-netty\3.2.2\spring-boot-starter-reactor-netty-3.2.2.jar;C:\Users\207423.TRV_IBS_INDIA\.m2\repository\io\projectreactor\netty\reactor-netty-http\1.1.15\reactor-netty-http-1.1.15.jar;C:\Users\207423.TRV_IBS_INDIA\.m2\repository\io\netty\netty-codec-http\4.1.105.Final\netty-codec-http-4.1.105.Final.jar;C:\Users\207423.TRV_IBS_INDIA\.m2\repository\io\netty\netty-common\4.1.105.Final\netty-common-4.1.105.Final.jar;C:\Users\207423.TRV_IBS_INDIA\.m2\repository\io\netty\netty-buffer\4.1.105.Final\netty-buffer-4.1.105.Final.jar;C:\Users\207423.TRV_IBS_INDIA\.m2\repository\io\netty\netty-transport\4.1.105.Final\netty-transport-4.1.105.Final.jar;C:\Users\207423.TRV_IBS_INDIA\.m2\repository\io\netty\netty-codec\4.1.105.Final\netty-codec-4.1.105.Final.jar;C:\Users\207423.TRV_IBS_INDIA\.m2\repository\io\netty\netty-handler\4.1.105.Final\netty-handler-4.1.105.Final.jar;C:\Users\207423.TRV_IBS_INDIA\.m2\repository\io\netty\netty-codec-http2\4.1.105.Final\netty-codec-http2-4.1.105.Final.jar;C:\Users\207423.TRV_IBS_INDIA\.m2\repository\io\netty\netty-resolver-dns\4.1.105.Final\netty-resolver-dns-4.1.105.Final.jar;C:\Users\207423.TRV_IBS_INDIA\.m2\repository\io\netty\netty-resolver\4.1.105.Final\netty-resolver-4.1.105.Final.jar;C:\Users\207423.TRV_IBS_INDIA\.m2\repository\io\netty\netty-codec-dns\4.1.105.Final\netty-codec-dns-4.1.105.Final.jar;C:\Users\207423.TRV_IBS_INDIA\.m2\repository\io\netty\netty-resolver-dns-native-macos\4.1.105.Final\netty-resolver-dns-native-macos-4.1.105.Final-osx-x86_64.jar;C:\Users\207423.TRV_IBS_INDIA\.m2\repository\io\netty\netty-resolver-dns-classes-macos\4.1.105.Final\netty-resolver-dns-classes-macos-4.1.105.Final.jar;C:\Users\207423.TRV_IBS_INDIA\.m2\repository\io\netty\netty-transport-native-epoll\4.1.105.Final\netty-transport-native-epoll-4.1.105.Final-linux-x86_64.jar;C:\Users\207423.TRV_IBS_INDIA\.m2\repository\io\netty\netty-transport-native-unix-common\4.1.105.Final\netty-transport-native-unix-common-4.1.105.Final.jar;C:\Users\207423.TRV_IBS_INDIA\.m2\repository\io\netty\netty-transport-classes-epoll\4.1.105.Final\netty-transport-classes-epoll-4.1.105.Final.jar;C:\Users\207423.TRV_IBS_INDIA\.m2\repository\io\projectreactor\netty\reactor-netty-core\1.1.15\reactor-netty-core-1.1.15.jar;C:\Users\207423.TRV_IBS_INDIA\.m2\repository\io\netty\netty-handler-proxy\4.1.105.Final\netty-handler-proxy-4.1.105.Final.jar;C:\Users\207423.TRV_IBS_INDIA\.m2\repository\io\netty\netty-codec-socks\4.1.105.Final\netty-codec-socks-4.1.105.Final.jar;C:\Users\207423.TRV_IBS_INDIA\.m2\repository\org\jetbrains\kotlinx\kotlinx-coroutines-jdk8\1.7.3\kotlinx-coroutines-jdk8-1.7.3.jar;"/>
    <property name="java.vm.vendor" value="Oracle Corporation"/>
    <property name="sun.arch.data.model" value="64"/>
    <property name="user.variant" value=""/>
    <property name="java.vendor.url" value="https://java.oracle.com/"/>
    <property name="user.timezone" value="Asia/Calcutta"/>
    <property name="os.name" value="Windows 11"/>
    <property name="java.vm.specification.version" value="17"/>
    <property name="sun.java.launcher" value="SUN_STANDARD"/>
    <property name="user.country" value="IN"/>
    <property name="sun.boot.library.path" value="D:\Applns\openjdk-17.0.2_windows-x64_bin\jdk-17.0.2\bin"/>
    <property name="sun.java.command" value="C:\Users\207423.TRV_IBS_INDIA\AppData\Local\Temp\surefire4930987018733576237\surefirebooter-20240221101221137_3.jar C:\Users\207423.TRV_IBS_INDIA\AppData\Local\Temp\surefire4930987018733576237 2024-02-21T10-12-21_050-jvmRun1 surefire-20240221101221137_1tmp surefire_0-20240221101221137_2tmp"/>
    <property name="jdk.debug" value="release"/>
    <property name="surefire.test.class.path" value="C:\Users\207423.TRV_IBS_INDIA\Downloads\graphqlclient\graphqlclient\target\test-classes;C:\Users\207423.TRV_IBS_INDIA\Downloads\graphqlclient\graphqlclient\target\classes;C:\Users\207423.TRV_IBS_INDIA\.m2\repository\org\springframework\boot\spring-boot-starter\3.2.2\spring-boot-starter-3.2.2.jar;C:\Users\207423.TRV_IBS_INDIA\.m2\repository\org\springframework\boot\spring-boot\3.2.2\spring-boot-3.2.2.jar;C:\Users\207423.TRV_IBS_INDIA\.m2\repository\org\springframework\spring-context\6.1.3\spring-context-6.1.3.jar;C:\Users\207423.TRV_IBS_INDIA\.m2\repository\org\springframework\spring-aop\6.1.3\spring-aop-6.1.3.jar;C:\Users\207423.TRV_IBS_INDIA\.m2\repository\org\springframework\spring-expression\6.1.3\spring-expression-6.1.3.jar;C:\Users\207423.TRV_IBS_INDIA\.m2\repository\io\micrometer\micrometer-observation\1.12.2\micrometer-observation-1.12.2.jar;C:\Users\207423.TRV_IBS_INDIA\.m2\repository\io\micrometer\micrometer-commons\1.12.2\micrometer-commons-1.12.2.jar;C:\Users\207423.TRV_IBS_INDIA\.m2\repository\org\springframework\boot\spring-boot-autoconfigure\3.2.2\spring-boot-autoconfigure-3.2.2.jar;C:\Users\207423.TRV_IBS_INDIA\.m2\repository\org\springframework\boot\spring-boot-starter-logging\3.2.2\spring-boot-starter-logging-3.2.2.jar;C:\Users\207423.TRV_IBS_INDIA\.m2\repository\ch\qos\logback\logback-classic\1.4.14\logback-classic-1.4.14.jar;C:\Users\207423.TRV_IBS_INDIA\.m2\repository\ch\qos\logback\logback-core\1.4.14\logback-core-1.4.14.jar;C:\Users\207423.TRV_IBS_INDIA\.m2\repository\org\apache\logging\log4j\log4j-to-slf4j\2.21.1\log4j-to-slf4j-2.21.1.jar;C:\Users\207423.TRV_IBS_INDIA\.m2\repository\org\apache\logging\log4j\log4j-api\2.21.1\log4j-api-2.21.1.jar;C:\Users\207423.TRV_IBS_INDIA\.m2\repository\org\slf4j\jul-to-slf4j\2.0.11\jul-to-slf4j-2.0.11.jar;C:\Users\207423.TRV_IBS_INDIA\.m2\repository\jakarta\annotation\jakarta.annotation-api\2.1.1\jakarta.annotation-api-2.1.1.jar;C:\Users\207423.TRV_IBS_INDIA\.m2\repository\org\springframework\spring-core\6.1.3\spring-core-6.1.3.jar;C:\Users\207423.TRV_IBS_INDIA\.m2\repository\org\springframework\spring-jcl\6.1.3\spring-jcl-6.1.3.jar;C:\Users\207423.TRV_IBS_INDIA\.m2\repository\org\yaml\snakeyaml\2.2\snakeyaml-2.2.jar;C:\Users\207423.TRV_IBS_INDIA\.m2\repository\org\jetbrains\kotlin\kotlin-reflect\1.9.22\kotlin-reflect-1.9.22.jar;C:\Users\207423.TRV_IBS_INDIA\.m2\repository\org\jetbrains\kotlin\kotlin-stdlib\1.9.22\kotlin-stdlib-1.9.22.jar;C:\Users\207423.TRV_IBS_INDIA\.m2\repository\org\jetbrains\annotations\13.0\annotations-13.0.jar;C:\Users\207423.TRV_IBS_INDIA\.m2\repository\org\springframework\boot\spring-boot-starter-test\3.2.2\spring-boot-starter-test-3.2.2.jar;C:\Users\207423.TRV_IBS_INDIA\.m2\repository\org\springframework\boot\spring-boot-test\3.2.2\spring-boot-test-3.2.2.jar;C:\Users\207423.TRV_IBS_INDIA\.m2\repository\org\springframework\boot\spring-boot-test-autoconfigure\3.2.2\spring-boot-test-autoconfigure-3.2.2.jar;C:\Users\207423.TRV_IBS_INDIA\.m2\repository\com\jayway\jsonpath\json-path\2.8.0\json-path-2.8.0.jar;C:\Users\207423.TRV_IBS_INDIA\.m2\repository\org\slf4j\slf4j-api\2.0.11\slf4j-api-2.0.11.jar;C:\Users\207423.TRV_IBS_INDIA\.m2\repository\jakarta\xml\bind\jakarta.xml.bind-api\4.0.1\jakarta.xml.bind-api-4.0.1.jar;C:\Users\207423.TRV_IBS_INDIA\.m2\repository\jakarta\activation\jakarta.activation-api\2.1.2\jakarta.activation-api-2.1.2.jar;C:\Users\207423.TRV_IBS_INDIA\.m2\repository\net\minidev\json-smart\2.5.0\json-smart-2.5.0.jar;C:\Users\207423.TRV_IBS_INDIA\.m2\repository\net\minidev\accessors-smart\2.5.0\accessors-smart-2.5.0.jar;C:\Users\207423.TRV_IBS_INDIA\.m2\repository\org\ow2\asm\asm\9.3\asm-9.3.jar;C:\Users\207423.TRV_IBS_INDIA\.m2\repository\org\assertj\assertj-core\3.24.2\assertj-core-3.24.2.jar;C:\Users\207423.TRV_IBS_INDIA\.m2\repository\net\bytebuddy\byte-buddy\1.14.11\byte-buddy-1.14.11.jar;C:\Users\207423.TRV_IBS_INDIA\.m2\repository\org\awaitility\awaitility\4.2.0\awaitility-4.2.0.jar;C:\Users\207423.TRV_IBS_INDIA\.m2\repository\org\hamcrest\hamcrest\2.2\hamcrest-2.2.jar;C:\Users\207423.TRV_IBS_INDIA\.m2\repository\org\junit\jupiter\junit-jupiter\5.10.1\junit-jupiter-5.10.1.jar;C:\Users\207423.TRV_IBS_INDIA\.m2\repository\org\junit\jupiter\junit-jupiter-api\5.10.1\junit-jupiter-api-5.10.1.jar;C:\Users\207423.TRV_IBS_INDIA\.m2\repository\org\opentest4j\opentest4j\1.3.0\opentest4j-1.3.0.jar;C:\Users\207423.TRV_IBS_INDIA\.m2\repository\org\junit\platform\junit-platform-commons\1.10.1\junit-platform-commons-1.10.1.jar;C:\Users\207423.TRV_IBS_INDIA\.m2\repository\org\apiguardian\apiguardian-api\1.1.2\apiguardian-api-1.1.2.jar;C:\Users\207423.TRV_IBS_INDIA\.m2\repository\org\junit\jupiter\junit-jupiter-params\5.10.1\junit-jupiter-params-5.10.1.jar;C:\Users\207423.TRV_IBS_INDIA\.m2\repository\org\junit\jupiter\junit-jupiter-engine\5.10.1\junit-jupiter-engine-5.10.1.jar;C:\Users\207423.TRV_IBS_INDIA\.m2\repository\org\junit\platform\junit-platform-engine\1.10.1\junit-platform-engine-1.10.1.jar;C:\Users\207423.TRV_IBS_INDIA\.m2\repository\org\mockito\mockito-core\5.7.0\mockito-core-5.7.0.jar;C:\Users\207423.TRV_IBS_INDIA\.m2\repository\net\bytebuddy\byte-buddy-agent\1.14.11\byte-buddy-agent-1.14.11.jar;C:\Users\207423.TRV_IBS_INDIA\.m2\repository\org\objenesis\objenesis\3.3\objenesis-3.3.jar;C:\Users\207423.TRV_IBS_INDIA\.m2\repository\org\mockito\mockito-junit-jupiter\5.7.0\mockito-junit-jupiter-5.7.0.jar;C:\Users\207423.TRV_IBS_INDIA\.m2\repository\org\skyscreamer\jsonassert\1.5.1\jsonassert-1.5.1.jar;C:\Users\207423.TRV_IBS_INDIA\.m2\repository\com\vaadin\external\google\android-json\0.0.20131108.vaadin1\android-json-0.0.20131108.vaadin1.jar;C:\Users\207423.TRV_IBS_INDIA\.m2\repository\org\springframework\spring-test\6.1.3\spring-test-6.1.3.jar;C:\Users\207423.TRV_IBS_INDIA\.m2\repository\org\xmlunit\xmlunit-core\2.9.1\xmlunit-core-2.9.1.jar;C:\Users\207423.TRV_IBS_INDIA\.m2\repository\com\expediagroup\graphql-kotlin-spring-client\4.0.0-alpha.1\graphql-kotlin-spring-client-4.0.0-alpha.1.jar;C:\Users\207423.TRV_IBS_INDIA\.m2\repository\com\expediagroup\graphql-kotlin-client\4.0.0-alpha.1\graphql-kotlin-client-4.0.0-alpha.1.jar;C:\Users\207423.TRV_IBS_INDIA\.m2\repository\com\expediagroup\graphql-kotlin-types\4.0.0-alpha.1\graphql-kotlin-types-4.0.0-alpha.1.jar;C:\Users\207423.TRV_IBS_INDIA\.m2\repository\com\fasterxml\jackson\module\jackson-module-kotlin\2.15.3\jackson-module-kotlin-2.15.3.jar;C:\Users\207423.TRV_IBS_INDIA\.m2\repository\com\fasterxml\jackson\core\jackson-databind\2.15.3\jackson-databind-2.15.3.jar;C:\Users\207423.TRV_IBS_INDIA\.m2\repository\com\fasterxml\jackson\core\jackson-core\2.15.3\jackson-core-2.15.3.jar;C:\Users\207423.TRV_IBS_INDIA\.m2\repository\com\fasterxml\jackson\core\jackson-annotations\2.15.3\jackson-annotations-2.15.3.jar;C:\Users\207423.TRV_IBS_INDIA\.m2\repository\org\jetbrains\kotlinx\kotlinx-coroutines-core\1.7.3\kotlinx-coroutines-core-1.7.3.jar;C:\Users\207423.TRV_IBS_INDIA\.m2\repository\org\jetbrains\kotlinx\kotlinx-coroutines-reactor\1.7.3\kotlinx-coroutines-reactor-1.7.3.jar;C:\Users\207423.TRV_IBS_INDIA\.m2\repository\org\jetbrains\kotlinx\kotlinx-coroutines-core-jvm\1.7.3\kotlinx-coroutines-core-jvm-1.7.3.jar;C:\Users\207423.TRV_IBS_INDIA\.m2\repository\org\jetbrains\kotlin\kotlin-stdlib-common\1.9.22\kotlin-stdlib-common-1.9.22.jar;C:\Users\207423.TRV_IBS_INDIA\.m2\repository\io\projectreactor\reactor-core\3.6.2\reactor-core-3.6.2.jar;C:\Users\207423.TRV_IBS_INDIA\.m2\repository\org\reactivestreams\reactive-streams\1.0.4\reactive-streams-1.0.4.jar;C:\Users\207423.TRV_IBS_INDIA\.m2\repository\org\jetbrains\kotlinx\kotlinx-coroutines-reactive\1.7.3\kotlinx-coroutines-reactive-1.7.3.jar;C:\Users\207423.TRV_IBS_INDIA\.m2\repository\org\jetbrains\kotlin\kotlin-stdlib-jdk8\1.9.22\kotlin-stdlib-jdk8-1.9.22.jar;C:\Users\207423.TRV_IBS_INDIA\.m2\repository\org\jetbrains\kotlin\kotlin-stdlib-jdk7\1.9.22\kotlin-stdlib-jdk7-1.9.22.jar;C:\Users\207423.TRV_IBS_INDIA\.m2\repository\org\springframework\spring-webflux\6.1.3\spring-webflux-6.1.3.jar;C:\Users\207423.TRV_IBS_INDIA\.m2\repository\org\springframework\spring-beans\6.1.3\spring-beans-6.1.3.jar;C:\Users\207423.TRV_IBS_INDIA\.m2\repository\org\springframework\spring-web\6.1.3\spring-web-6.1.3.jar;C:\Users\207423.TRV_IBS_INDIA\.m2\repository\org\springframework\boot\spring-boot-starter-reactor-netty\3.2.2\spring-boot-starter-reactor-netty-3.2.2.jar;C:\Users\207423.TRV_IBS_INDIA\.m2\repository\io\projectreactor\netty\reactor-netty-http\1.1.15\reactor-netty-http-1.1.15.jar;C:\Users\207423.TRV_IBS_INDIA\.m2\repository\io\netty\netty-codec-http\4.1.105.Final\netty-codec-http-4.1.105.Final.jar;C:\Users\207423.TRV_IBS_INDIA\.m2\repository\io\netty\netty-common\4.1.105.Final\netty-common-4.1.105.Final.jar;C:\Users\207423.TRV_IBS_INDIA\.m2\repository\io\netty\netty-buffer\4.1.105.Final\netty-buffer-4.1.105.Final.jar;C:\Users\207423.TRV_IBS_INDIA\.m2\repository\io\netty\netty-transport\4.1.105.Final\netty-transport-4.1.105.Final.jar;C:\Users\207423.TRV_IBS_INDIA\.m2\repository\io\netty\netty-codec\4.1.105.Final\netty-codec-4.1.105.Final.jar;C:\Users\207423.TRV_IBS_INDIA\.m2\repository\io\netty\netty-handler\4.1.105.Final\netty-handler-4.1.105.Final.jar;C:\Users\207423.TRV_IBS_INDIA\.m2\repository\io\netty\netty-codec-http2\4.1.105.Final\netty-codec-http2-4.1.105.Final.jar;C:\Users\207423.TRV_IBS_INDIA\.m2\repository\io\netty\netty-resolver-dns\4.1.105.Final\netty-resolver-dns-4.1.105.Final.jar;C:\Users\207423.TRV_IBS_INDIA\.m2\repository\io\netty\netty-resolver\4.1.105.Final\netty-resolver-4.1.105.Final.jar;C:\Users\207423.TRV_IBS_INDIA\.m2\repository\io\netty\netty-codec-dns\4.1.105.Final\netty-codec-dns-4.1.105.Final.jar;C:\Users\207423.TRV_IBS_INDIA\.m2\repository\io\netty\netty-resolver-dns-native-macos\4.1.105.Final\netty-resolver-dns-native-macos-4.1.105.Final-osx-x86_64.jar;C:\Users\207423.TRV_IBS_INDIA\.m2\repository\io\netty\netty-resolver-dns-classes-macos\4.1.105.Final\netty-resolver-dns-classes-macos-4.1.105.Final.jar;C:\Users\207423.TRV_IBS_INDIA\.m2\repository\io\netty\netty-transport-native-epoll\4.1.105.Final\netty-transport-native-epoll-4.1.105.Final-linux-x86_64.jar;C:\Users\207423.TRV_IBS_INDIA\.m2\repository\io\netty\netty-transport-native-unix-common\4.1.105.Final\netty-transport-native-unix-common-4.1.105.Final.jar;C:\Users\207423.TRV_IBS_INDIA\.m2\repository\io\netty\netty-transport-classes-epoll\4.1.105.Final\netty-transport-classes-epoll-4.1.105.Final.jar;C:\Users\207423.TRV_IBS_INDIA\.m2\repository\io\projectreactor\netty\reactor-netty-core\1.1.15\reactor-netty-core-1.1.15.jar;C:\Users\207423.TRV_IBS_INDIA\.m2\repository\io\netty\netty-handler-proxy\4.1.105.Final\netty-handler-proxy-4.1.105.Final.jar;C:\Users\207423.TRV_IBS_INDIA\.m2\repository\io\netty\netty-codec-socks\4.1.105.Final\netty-codec-socks-4.1.105.Final.jar;C:\Users\207423.TRV_IBS_INDIA\.m2\repository\org\jetbrains\kotlinx\kotlinx-coroutines-jdk8\1.7.3\kotlinx-coroutines-jdk8-1.7.3.jar;"/>
    <property name="sun.cpu.endian" value="little"/>
    <property name="user.home" value="C:\Users\207423.TRV_IBS_INDIA"/>
    <property name="user.language" value="en"/>
    <property name="java.specification.vendor" value="Oracle Corporation"/>
    <property name="java.version.date" value="2022-01-18"/>
    <property name="java.home" value="D:\Applns\openjdk-17.0.2_windows-x64_bin\jdk-17.0.2"/>
    <property name="file.separator" value="\"/>
    <property name="basedir" value="C:\Users\207423.TRV_IBS_INDIA\Downloads\graphqlclient\graphqlclient"/>
    <property name="java.vm.compressedOopsMode" value="Zero based"/>
    <property name="line.separator" value="&#10;"/>
    <property name="java.vm.specification.vendor" value="Oracle Corporation"/>
    <property name="java.specification.name" value="Java Platform API Specification"/>
    <property name="surefire.real.class.path" value="C:\Users\207423.TRV_IBS_INDIA\AppData\Local\Temp\surefire4930987018733576237\surefirebooter-20240221101221137_3.jar"/>
    <property name="user.script" value=""/>
    <property name="sun.management.compiler" value="HotSpot 64-Bit Tiered Compilers"/>
    <property name="java.runtime.version" value="17.0.2+8-86"/>
    <property name="user.name" value="207423"/>
    <property name="path.separator" value=";"/>
    <property name="os.version" value="10.0"/>
    <property name="java.runtime.name" value="OpenJDK Runtime Environment"/>
    <property name="file.encoding" value="Cp1252"/>
    <property name="java.vm.name" value="OpenJDK 64-Bit Server VM"/>
    <property name="localRepository" value="C:\Users\207423.TRV_IBS_INDIA\.m2\repository"/>
    <property name="java.vendor.url.bug" value="https://bugreport.java.com/bugreport/"/>
    <property name="java.io.tmpdir" value="C:\Users\207423~1.TRV\AppData\Local\Temp\"/>
    <property name="idea.version" value="2023.2.5"/>
    <property name="java.version" value="17.0.2"/>
    <property name="user.dir" value="C:\Users\207423.TRV_IBS_INDIA\Downloads\graphqlclient\graphqlclient"/>
    <property name="os.arch" value="amd64"/>
    <property name="java.vm.specification.name" value="Java Virtual Machine Specification"/>
    <property name="sun.os.patch.level" value=""/>
    <property name="native.encoding" value="Cp1252"/>
    <property name="java.library.path" value="D:\Applns\openjdk-17.0.2_windows-x64_bin\jdk-17.0.2\bin;C:\WINDOWS\Sun\Java\bin;C:\WINDOWS\system32;C:\WINDOWS;D:\Applns\Amazon Corretto\jdk11.0.15_9\bin;C:\Applns\Oracle\Client\product\11.2.0\client_1\bin;C:\Program Files (x86)\Common Files\Oracle\Java\javapath;C:\WINDOWS\system32;C:\WINDOWS;C:\WINDOWS\System32\Wbem;C:\WINDOWS\System32\WindowsPowerShell\v1.0\;C:\WINDOWS\System32\OpenSSH\;C:\Applns\Git\cmd;C:\Applns\PuTTY\;C:\Applns\TortoiseSVN\bin;D:\Applns\Amazon\AWSCLIV2\;D:\Applns\nodejs\18.12.1\;C:\Users\207423.TRV_IBS_INDIA\AppData\Local\Programs\Python\Python312\Scripts\;C:\Users\207423.TRV_IBS_INDIA\AppData\Local\Programs\Python\Python312\;C:\Users\207423.TRV_IBS_INDIA\AppData\Local\Programs\Python\Launcher\;C:\Users\207423.TRV_IBS_INDIA\AppData\Local\Microsoft\WindowsApps;;C:\Users\207423.TRV_IBS_INDIA\AppData\Local\Programs\Microsoft VS Code\bin;."/>
    <property name="java.vm.info" value="mixed mode, sharing"/>
    <property name="java.vendor" value="Oracle Corporation"/>
    <property name="java.vm.version" value="17.0.2+8-86"/>
    <property name="sun.io.unicode.encoding" value="UnicodeLittle"/>
    <property name="java.class.version" value="61.0"/>
  </properties>
  <testcase name="" classname="com.example.graphqlclient.GraphqlclientApplicationTests" time="0.274">
    <error message="Unable to find a @SpringBootConfiguration, you need to use @ContextConfiguration or @SpringBootTest(classes=...) with your test" type="java.lang.IllegalStateException"><![CDATA[java.lang.IllegalStateException: Unable to find a @SpringBootConfiguration, you need to use @ContextConfiguration or @SpringBootTest(classes=...) with your test
	at org.springframework.util.Assert.state(Assert.java:76)
	at org.springframework.boot.test.context.SpringBootTestContextBootstrapper.findConfigurationClass(SpringBootTestContextBootstrapper.java:246)
	at org.springframework.boot.test.context.SpringBootTestContextBootstrapper.getOrFindConfigurationClasses(SpringBootTestContextBootstrapper.java:233)
	at org.springframework.boot.test.context.SpringBootTestContextBootstrapper.processMergedContextConfiguration(SpringBootTestContextBootstrapper.java:150)
	at org.springframework.test.context.support.AbstractTestContextBootstrapper.buildMergedContextConfiguration(AbstractTestContextBootstrapper.java:351)
	at org.springframework.test.context.support.AbstractTestContextBootstrapper.buildDefaultMergedContextConfiguration(AbstractTestContextBootstrapper.java:267)
	at org.springframework.test.context.support.AbstractTestContextBootstrapper.buildMergedContextConfiguration(AbstractTestContextBootstrapper.java:215)
	at org.springframework.test.context.support.AbstractTestContextBootstrapper.buildTestContext(AbstractTestContextBootstrapper.java:108)
	at org.springframework.boot.test.context.SpringBootTestContextBootstrapper.buildTestContext(SpringBootTestContextBootstrapper.java:111)
	at org.springframework.test.context.TestContextManager.<init>(TestContextManager.java:142)
	at org.springframework.test.context.TestContextManager.<init>(TestContextManager.java:126)
	at org.springframework.test.context.junit.jupiter.SpringExtension.getTestContextManager(SpringExtension.java:366)
	at org.springframework.test.context.junit.jupiter.SpringExtension.beforeAll(SpringExtension.java:131)
	at java.base/java.util.ArrayList.forEach(ArrayList.java:1511)
]]></error>
    <system-out><![CDATA[10:12:21.858 [main] INFO org.springframework.test.context.support.AnnotationConfigContextLoaderUtils -- Could not detect default configuration classes for test class [com.example.graphqlclient.GraphqlclientApplicationTests]: GraphqlclientApplicationTests does not declare any static, non-private, non-final, nested classes annotated with @Configuration.
]]></system-out>
  </testcase>
</testsuite>